--------------- 24-04-2025, 21:38:34 ---------------
| DC v1.1.24 gamma Rev. 721 -- x86_64-Linux-qt6
| EndeavourOS Linux -- Qt 6.9.0 | PID 80404
Unhandled exception: EInvalidOperation: Cannot focus a disabled or invisible window
  Stack trace:
  $00000000004C174D in /usr/lib/doublecmd/doublecmd
  $00000000004BB0E3 in /usr/lib/doublecmd/doublecmd
  $000000000064F4CE in /usr/lib/doublecmd/doublecmd
  $0000000000CB95DD in /usr/lib/doublecmd/doublecmd
  $0000000000B4C648 in /usr/lib/doublecmd/doublecmd
  $00000000007BE0D4 in /usr/lib/doublecmd/doublecmd
  $000071811ED59238 in /usr/lib/libQt6Core.so.6
  $000071811FEFEDBF in /usr/lib/libQt6Widgets.so.6
  $000071811ED5A018 in /usr/lib/libQt6Core.so.6
  $000071811ED5A3F2 in /usr/lib/libQt6Core.so.6
  $000071811EFCFEA8 in /usr/lib/libQt6Core.so.6
  $00007181209C51E4 in /usr/lib/libglib-2.0.so.0
  $0000718120A28E97 in /usr/lib/libglib-2.0.so.0
  $00007181209C4615 in /usr/lib/libglib-2.0.so.0
  $000071811EFCD59D in /usr/lib/libQt6Core.so.6
  $00000000007BCA85 in /usr/lib/doublecmd/doublecmd
  $00000000009F4A9F in /usr/lib/doublecmd/doublecmd


